<?xml version="1.0" encoding="UTF-8"?>
<testng-results ignored="0" total="2" passed="2" failed="0" skipped="0">
  <reporter-output>
  </reporter-output>
  <suite started-at="2025-04-15T22:45:28 IST" name="Default suite" finished-at="2025-04-15T22:46:08 IST" duration-ms="39910">
    <groups>
    </groups>
    <test started-at="2025-04-15T22:45:28 IST" name="Default test" finished-at="2025-04-15T22:46:08 IST" duration-ms="39910">
      <class name="testcases.TestCases">
        <test-method is-config="true" signature="setUp()[pri:0, instance:testcases.TestCases@198b6731]" started-at="2025-04-15T22:45:27 IST" name="setUp" finished-at="2025-04-15T22:45:28 IST" duration-ms="324" status="PASS">
          <reporter-output>
          </reporter-output>
        </test-method> <!-- setUp -->
        <test-method is-config="true" signature="launch()[pri:0, instance:testcases.TestCases@198b6731]" started-at="2025-04-15T22:45:28 IST" name="launch" finished-at="2025-04-15T22:45:32 IST" duration-ms="3896" status="PASS">
          <reporter-output>
          </reporter-output>
        </test-method> <!-- launch -->
        <test-method signature="login(long,java.lang.String)[pri:0, instance:testcases.TestCases@198b6731]" started-at="2025-04-15T22:45:32 IST" name="login" data-provider="phonenumber for login" finished-at="2025-04-15T22:45:34 IST" duration-ms="2028" status="PASS">
          <params>
            <param index="0">
              <value>
                <![CDATA[1]]>
              </value>
            </param>
            <param index="1">
              <value>
                <![CDATA[invalid number]]>
              </value>
            </param>
          </params>
          <reporter-output>
          </reporter-output>
        </test-method> <!-- login -->
        <test-method is-config="true" signature="launch()[pri:0, instance:testcases.TestCases@198b6731]" started-at="2025-04-15T22:45:34 IST" name="launch" finished-at="2025-04-15T22:45:36 IST" duration-ms="2687" status="PASS">
          <reporter-output>
          </reporter-output>
        </test-method> <!-- launch -->
        <test-method signature="login(long,java.lang.String)[pri:0, instance:testcases.TestCases@198b6731]" started-at="2025-04-15T22:45:36 IST" name="login" data-provider="phonenumber for login" finished-at="2025-04-15T22:46:08 IST" duration-ms="31243" status="PASS">
          <params>
            <param index="0">
              <value>
                <![CDATA[8140281352]]>
              </value>
            </param>
            <param index="1">
              <value>
                <![CDATA[correct number]]>
              </value>
            </param>
          </params>
          <reporter-output>
          </reporter-output>
        </test-method> <!-- login -->
        <test-method is-config="true" signature="closing()[pri:0, instance:testcases.TestCases@198b6731]" started-at="2025-04-15T22:46:08 IST" name="closing" finished-at="2025-04-15T22:46:08 IST" duration-ms="426" status="PASS">
          <reporter-output>
          </reporter-output>
        </test-method> <!-- closing -->
      </class> <!-- testcases.TestCases -->
    </test> <!-- Default test -->
  </suite> <!-- Default suite -->
</testng-results>
